<?xml version="1.0" encoding="UTF-8"?>
<!-- Generated by org.testng.reporters.JUnitReportReporter -->
<testsuite skipped="0" hostname="cvn-d008" name="testCases.ExecuteTest" tests="1" failures="0" timestamp="04 Jul 2018 10:07:02 GMT" time="9.076" errors="0">
  <testcase name="testLogin" time="9.076" classname="testCases.ExecuteTest"/>
</testsuite> <!-- testCases.ExecuteTest -->
